17:18:52.317 [main] INFO  com.example.todobackend.service.TodoService - Saved Todo with id: 1
17:18:52.368 [main] INFO  com.example.todobackend.service.TodoService - Deleted Todo with id: 1
17:18:52.579 [main] INFO  org.springframework.test.context.support.AnnotationConfigContextLoaderUtils - Could not detect default configuration classes for test class [com.example.todobackend.TodoIntegrationTest]: TodoIntegrationTest does not declare any static, non-private, non-final, nested classes annotated with @Configuration.
17:18:52.713 [main] INFO  org.springframework.boot.test.context.SpringBootTestContextBootstrapper - Found @SpringBootConfiguration com.example.todobackend.TodoBackendApplication for test class com.example.todobackend.TodoIntegrationTest
17:18:53.230 [main] INFO  com.example.todobackend.TodoIntegrationTest - Starting TodoIntegrationTest using Java 17.0.11 with PID 19072 (started by RAVI SHANKAR in C:\Learning\System Design\todo-backend)
17:18:53.235 [main] INFO  com.example.todobackend.TodoIntegrationTest - No active profile set, falling back to 1 default profile: "default"
17:18:54.529 [main] INFO  org.springframework.data.repository.config.RepositoryConfigurationDelegate - Bootstrapping Spring Data JPA repositories in DEFAULT mode.
17:18:54.608 [main] INFO  org.springframework.data.repository.config.RepositoryConfigurationDelegate - Finished Spring Data repository scanning in 70 ms. Found 2 JPA repository interfaces.
17:18:55.577 [main] INFO  org.springframework.boot.web.embedded.tomcat.TomcatWebServer - Tomcat initialized with port 0 (http)
17:18:55.610 [main] INFO  org.apache.coyote.http11.Http11NioProtocol - Initializing ProtocolHandler ["http-nio-auto-1"]
17:18:55.614 [main] INFO  org.apache.catalina.core.StandardService - Starting service [Tomcat]
17:18:55.615 [main] INFO  org.apache.catalina.core.StandardEngine - Starting Servlet engine: [Apache Tomcat/10.1.24]
17:18:55.793 [main] INFO  org.apache.catalina.core.ContainerBase.[Tomcat].[localhost].[/] - Initializing Spring embedded WebApplicationContext
17:18:55.796 [main] INFO  org.springframework.boot.web.servlet.context.ServletWebServerApplicationContext - Root WebApplicationContext: initialization completed in 2515 ms
17:18:56.289 [main] INFO  org.hibernate.jpa.internal.util.LogHelper - HHH000204: Processing PersistenceUnitInfo [name: default]
17:18:56.413 [main] INFO  org.hibernate.Version - HHH000412: Hibernate ORM core version 6.5.2.Final
17:18:56.471 [main] INFO  org.hibernate.cache.internal.RegionFactoryInitiator - HHH000026: Second-level cache disabled
17:18:56.688 [main] INFO  org.springframework.orm.jpa.persistenceunit.SpringPersistenceUnitInfo - No LoadTimeWeaver setup: ignoring JPA class transformer
17:18:56.728 [main] WARN  org.hibernate.orm.deprecation - HHH90000025: SQLServerDialect does not need to be specified explicitly using 'hibernate.dialect' (remove the property setting and it will be selected by default)
17:18:57.639 [main] INFO  org.hibernate.engine.transaction.jta.platform.internal.JtaPlatformInitiator - HHH000489: No JTA platform available (set 'hibernate.transaction.jta.platform' to enable JTA platform integration)
17:18:57.663 [main] INFO  com.zaxxer.hikari.HikariDataSource - HikariPool-1 - Starting...
17:18:59.848 [main] INFO  com.zaxxer.hikari.pool.HikariPool - HikariPool-1 - Added connection ConnectionID:1 ClientConnectionId: 108e6220-5bb3-47f6-be2c-5d814122f7b9
17:18:59.850 [main] INFO  com.zaxxer.hikari.HikariDataSource - HikariPool-1 - Start completed.
17:19:01.245 [main] INFO  org.springframework.orm.jpa.LocalContainerEntityManagerFactoryBean - Initialized JPA EntityManagerFactory for persistence unit 'default'
17:19:02.662 [main] INFO  org.springframework.security.config.annotation.authentication.configuration.InitializeUserDetailsBeanManagerConfigurer$InitializeUserDetailsManagerConfigurer - Global AuthenticationManager configured with UserDetailsService bean with name customUserDetailsService
17:19:02.912 [main] WARN  org.springframework.boot.autoconfigure.orm.jpa.JpaBaseConfiguration$JpaWebConfiguration - spring.jpa.open-in-view is enabled by default. Therefore, database queries may be performed during view rendering. Explicitly configure spring.jpa.open-in-view to disable this warning
17:19:03.684 [main] INFO  org.springframework.security.web.DefaultSecurityFilterChain - Will secure any request with [org.springframework.security.web.session.DisableEncodeUrlFilter@139f1db4, org.springframework.security.web.context.request.async.WebAsyncManagerIntegrationFilter@2e90a3de, org.springframework.security.web.context.SecurityContextHolderFilter@7fcbed77, org.springframework.security.web.header.HeaderWriterFilter@3ffa3cdb, org.springframework.web.filter.CorsFilter@532860c7, org.springframework.security.web.authentication.logout.LogoutFilter@f54cdc4, com.example.todobackend.security.JwtAuthenticationFilter@9d573a6, org.springframework.security.web.savedrequest.RequestCacheAwareFilter@2b3247f8, org.springframework.security.web.servletapi.SecurityContextHolderAwareRequestFilter@1805b503, org.springframework.security.web.authentication.AnonymousAuthenticationFilter@62ccbd95, org.springframework.security.web.session.SessionManagementFilter@6c37b0de, org.springframework.security.web.access.ExceptionTranslationFilter@4def8aaa, org.springframework.security.web.access.intercept.AuthorizationFilter@806a687]
17:19:04.373 [main] INFO  org.apache.coyote.http11.Http11NioProtocol - Starting ProtocolHandler ["http-nio-auto-1"]
17:19:04.418 [main] INFO  org.springframework.boot.web.embedded.tomcat.TomcatWebServer - Tomcat started on port 53522 (http) with context path '/'
17:19:04.435 [main] INFO  com.example.todobackend.TodoIntegrationTest - Started TodoIntegrationTest in 11.522 seconds (process running for 15.872)
17:19:04.645 [http-nio-auto-1-exec-1] INFO  org.apache.catalina.core.ContainerBase.[Tomcat].[localhost].[/] - Initializing Spring DispatcherServlet 'dispatcherServlet'
17:19:04.645 [http-nio-auto-1-exec-1] INFO  org.springframework.web.servlet.DispatcherServlet - Initializing Servlet 'dispatcherServlet'
17:19:04.647 [http-nio-auto-1-exec-1] INFO  org.springframework.web.servlet.DispatcherServlet - Completed initialization in 0 ms
17:19:05.006 [http-nio-auto-1-exec-2] INFO  com.example.todobackend.service.TodoService - Saved Todo with id: 12
17:19:05.704 [SpringApplicationShutdownHook] INFO  org.springframework.orm.jpa.LocalContainerEntityManagerFactoryBean - Closing JPA EntityManagerFactory for persistence unit 'default'
17:19:05.706 [SpringApplicationShutdownHook] INFO  com.zaxxer.hikari.HikariDataSource - HikariPool-1 - Shutdown initiated...
17:19:06.047 [SpringApplicationShutdownHook] INFO  com.zaxxer.hikari.HikariDataSource - HikariPool-1 - Shutdown completed.
17:19:39.864 [main] INFO  com.example.todobackend.TodoBackendApplication - Starting TodoBackendApplication using Java 17.0.11 with PID 39444 (C:\Learning\System Design\todo-backend\target\classes started by RAVI SHANKAR in C:\Learning\System Design\todo-backend)
17:19:39.873 [main] INFO  com.example.todobackend.TodoBackendApplication - No active profile set, falling back to 1 default profile: "default"
17:19:40.696 [main] INFO  org.springframework.data.repository.config.RepositoryConfigurationDelegate - Bootstrapping Spring Data JPA repositories in DEFAULT mode.
17:19:40.749 [main] INFO  org.springframework.data.repository.config.RepositoryConfigurationDelegate - Finished Spring Data repository scanning in 45 ms. Found 2 JPA repository interfaces.
17:19:41.369 [main] INFO  org.springframework.boot.web.embedded.tomcat.TomcatWebServer - Tomcat initialized with port 8081 (http)
17:19:41.381 [main] INFO  org.apache.coyote.http11.Http11NioProtocol - Initializing ProtocolHandler ["http-nio-8081"]
17:19:41.383 [main] INFO  org.apache.catalina.core.StandardService - Starting service [Tomcat]
17:19:41.385 [main] INFO  org.apache.catalina.core.StandardEngine - Starting Servlet engine: [Apache Tomcat/10.1.24]
17:19:41.450 [main] INFO  org.apache.catalina.core.ContainerBase.[Tomcat].[localhost].[/] - Initializing Spring embedded WebApplicationContext
17:19:41.452 [main] INFO  org.springframework.boot.web.servlet.context.ServletWebServerApplicationContext - Root WebApplicationContext: initialization completed in 1535 ms
17:19:41.679 [main] INFO  org.hibernate.jpa.internal.util.LogHelper - HHH000204: Processing PersistenceUnitInfo [name: default]
17:19:41.747 [main] INFO  org.hibernate.Version - HHH000412: Hibernate ORM core version 6.5.2.Final
17:19:41.789 [main] INFO  org.hibernate.cache.internal.RegionFactoryInitiator - HHH000026: Second-level cache disabled
17:19:42.107 [main] INFO  org.springframework.orm.jpa.persistenceunit.SpringPersistenceUnitInfo - No LoadTimeWeaver setup: ignoring JPA class transformer
17:19:42.133 [main] WARN  org.hibernate.orm.deprecation - HHH90000025: SQLServerDialect does not need to be specified explicitly using 'hibernate.dialect' (remove the property setting and it will be selected by default)
17:19:42.932 [main] INFO  org.hibernate.engine.transaction.jta.platform.internal.JtaPlatformInitiator - HHH000489: No JTA platform available (set 'hibernate.transaction.jta.platform' to enable JTA platform integration)
17:19:42.954 [main] INFO  com.zaxxer.hikari.HikariDataSource - HikariPool-1 - Starting...
17:19:44.877 [main] INFO  com.zaxxer.hikari.pool.HikariPool - HikariPool-1 - Added connection ConnectionID:1 ClientConnectionId: bed6d389-ebe6-44c0-a31a-0cb89f2d308a
17:19:44.878 [main] INFO  com.zaxxer.hikari.HikariDataSource - HikariPool-1 - Start completed.
17:19:46.253 [main] INFO  org.springframework.orm.jpa.LocalContainerEntityManagerFactoryBean - Initialized JPA EntityManagerFactory for persistence unit 'default'
17:19:46.872 [main] INFO  org.springframework.security.config.annotation.authentication.configuration.InitializeUserDetailsBeanManagerConfigurer$InitializeUserDetailsManagerConfigurer - Global AuthenticationManager configured with UserDetailsService bean with name customUserDetailsService
17:19:46.983 [main] WARN  org.springframework.boot.autoconfigure.orm.jpa.JpaBaseConfiguration$JpaWebConfiguration - spring.jpa.open-in-view is enabled by default. Therefore, database queries may be performed during view rendering. Explicitly configure spring.jpa.open-in-view to disable this warning
17:19:47.245 [main] INFO  org.springframework.security.web.DefaultSecurityFilterChain - Will secure any request with [org.springframework.security.web.session.DisableEncodeUrlFilter@437a4e61, org.springframework.security.web.context.request.async.WebAsyncManagerIntegrationFilter@268eefe7, org.springframework.security.web.context.SecurityContextHolderFilter@683218c8, org.springframework.security.web.header.HeaderWriterFilter@18f8c76d, org.springframework.web.filter.CorsFilter@704ca8a8, org.springframework.security.web.authentication.logout.LogoutFilter@2f4bc3ff, com.example.todobackend.security.JwtAuthenticationFilter@61c98f5, org.springframework.security.web.savedrequest.RequestCacheAwareFilter@345f4e0d, org.springframework.security.web.servletapi.SecurityContextHolderAwareRequestFilter@79bb14d8, org.springframework.security.web.authentication.AnonymousAuthenticationFilter@1784d711, org.springframework.security.web.session.SessionManagementFilter@5f113867, org.springframework.security.web.access.ExceptionTranslationFilter@52b2c255, org.springframework.security.web.access.intercept.AuthorizationFilter@5817b0d1]
17:19:47.461 [main] INFO  org.apache.coyote.http11.Http11NioProtocol - Starting ProtocolHandler ["http-nio-8081"]
17:19:47.481 [main] INFO  org.springframework.boot.web.embedded.tomcat.TomcatWebServer - Tomcat started on port 8081 (http) with context path '/'
17:19:47.488 [main] INFO  com.example.todobackend.TodoBackendApplication - Started TodoBackendApplication in 8.02 seconds (process running for 8.96)
17:20:59.169 [http-nio-8081-exec-1] INFO  org.apache.catalina.core.ContainerBase.[Tomcat].[localhost].[/] - Initializing Spring DispatcherServlet 'dispatcherServlet'
17:20:59.169 [http-nio-8081-exec-1] INFO  org.springframework.web.servlet.DispatcherServlet - Initializing Servlet 'dispatcherServlet'
17:20:59.171 [http-nio-8081-exec-1] INFO  org.springframework.web.servlet.DispatcherServlet - Completed initialization in 2 ms
17:20:59.874 [http-nio-8081-exec-9] INFO  org.springdoc.api.AbstractOpenApiResource - Init duration for springdoc-openapi is: 378 ms
22:38:20.120 [HikariPool-1 housekeeper] WARN  com.zaxxer.hikari.pool.HikariPool - HikariPool-1 - Thread starvation or clock leap detected (housekeeper delta=5h13m5s57ms727탎400ns).
10:30:06.912 [HikariPool-1 housekeeper] WARN  com.zaxxer.hikari.pool.HikariPool - HikariPool-1 - Thread starvation or clock leap detected (housekeeper delta=11h51m51s853ms615탎900ns).
13:19:29.361 [HikariPool-1 housekeeper] WARN  com.zaxxer.hikari.pool.HikariPool - HikariPool-1 - Thread starvation or clock leap detected (housekeeper delta=21m21s824ms521탎700ns).
13:37:56.173 [HikariPool-1 housekeeper] WARN  com.zaxxer.hikari.pool.HikariPool - HikariPool-1 - Thread starvation or clock leap detected (housekeeper delta=8m26s655ms788탎100ns).
21:01:39.648 [HikariPool-1 housekeeper] WARN  com.zaxxer.hikari.pool.HikariPool - HikariPool-1 - Thread starvation or clock leap detected (housekeeper delta=5h55m12s74ms217탎200ns).
07:43:59.287 [HikariPool-1 housekeeper] WARN  com.zaxxer.hikari.pool.HikariPool - HikariPool-1 - Thread starvation or clock leap detected (housekeeper delta=10h42m24s985ms716탎499ns).
10:39:40.008 [HikariPool-1 housekeeper] WARN  com.zaxxer.hikari.pool.HikariPool - HikariPool-1 - Thread starvation or clock leap detected (housekeeper delta=2h13m10s134ms530탎).
12:43:49.173 [HikariPool-1 housekeeper] WARN  com.zaxxer.hikari.pool.HikariPool - HikariPool-1 - Thread starvation or clock leap detected (housekeeper delta=11m7s521ms224탎500ns).
13:34:53.133 [HikariPool-1 housekeeper] WARN  com.zaxxer.hikari.pool.HikariPool - HikariPool-1 - Thread starvation or clock leap detected (housekeeper delta=22m33s483ms172탎700ns).
15:41:50.234 [HikariPool-1 housekeeper] WARN  com.zaxxer.hikari.pool.HikariPool - HikariPool-1 - Thread starvation or clock leap detected (housekeeper delta=9m25s215ms324탎500ns).
16:10:33.912 [main] INFO  com.example.todobackend.TodoBackendApplication - Starting TodoBackendApplication using Java 17.0.11 with PID 32924 (C:\Learning\System Design\todo-backend\target\classes started by RAVI SHANKAR in C:\Learning\System Design\todo-backend)
16:10:33.923 [main] INFO  com.example.todobackend.TodoBackendApplication - No active profile set, falling back to 1 default profile: "default"
16:10:34.804 [main] INFO  org.springframework.data.repository.config.RepositoryConfigurationDelegate - Bootstrapping Spring Data JPA repositories in DEFAULT mode.
16:10:34.863 [main] INFO  org.springframework.data.repository.config.RepositoryConfigurationDelegate - Finished Spring Data repository scanning in 50 ms. Found 2 JPA repository interfaces.
16:10:35.512 [main] INFO  org.springframework.boot.web.embedded.tomcat.TomcatWebServer - Tomcat initialized with port 8081 (http)
16:10:35.526 [main] INFO  org.apache.coyote.http11.Http11NioProtocol - Initializing ProtocolHandler ["http-nio-8081"]
16:10:35.530 [main] INFO  org.apache.catalina.core.StandardService - Starting service [Tomcat]
16:10:35.531 [main] INFO  org.apache.catalina.core.StandardEngine - Starting Servlet engine: [Apache Tomcat/10.1.24]
16:10:35.595 [main] INFO  org.apache.catalina.core.ContainerBase.[Tomcat].[localhost].[/] - Initializing Spring embedded WebApplicationContext
16:10:35.596 [main] INFO  org.springframework.boot.web.servlet.context.ServletWebServerApplicationContext - Root WebApplicationContext: initialization completed in 1627 ms
16:10:35.826 [main] INFO  org.hibernate.jpa.internal.util.LogHelper - HHH000204: Processing PersistenceUnitInfo [name: default]
16:10:35.919 [main] INFO  org.hibernate.Version - HHH000412: Hibernate ORM core version 6.5.2.Final
16:10:35.969 [main] INFO  org.hibernate.cache.internal.RegionFactoryInitiator - HHH000026: Second-level cache disabled
16:10:36.322 [main] INFO  org.springframework.orm.jpa.persistenceunit.SpringPersistenceUnitInfo - No LoadTimeWeaver setup: ignoring JPA class transformer
16:10:36.368 [main] WARN  org.hibernate.orm.deprecation - HHH90000025: SQLServerDialect does not need to be specified explicitly using 'hibernate.dialect' (remove the property setting and it will be selected by default)
16:10:37.307 [main] INFO  org.hibernate.engine.transaction.jta.platform.internal.JtaPlatformInitiator - HHH000489: No JTA platform available (set 'hibernate.transaction.jta.platform' to enable JTA platform integration)
16:10:37.326 [main] INFO  com.zaxxer.hikari.HikariDataSource - HikariPool-1 - Starting...
16:10:39.275 [main] INFO  com.zaxxer.hikari.pool.HikariPool - HikariPool-1 - Added connection ConnectionID:1 ClientConnectionId: 74977b2d-2ef6-430d-a6db-92ab4e34ce49
16:10:39.276 [main] INFO  com.zaxxer.hikari.HikariDataSource - HikariPool-1 - Start completed.
16:10:40.710 [main] INFO  org.springframework.orm.jpa.LocalContainerEntityManagerFactoryBean - Initialized JPA EntityManagerFactory for persistence unit 'default'
16:10:41.358 [main] INFO  org.springframework.security.config.annotation.authentication.configuration.InitializeUserDetailsBeanManagerConfigurer$InitializeUserDetailsManagerConfigurer - Global AuthenticationManager configured with UserDetailsService bean with name customUserDetailsService
16:10:41.466 [main] WARN  org.springframework.boot.autoconfigure.orm.jpa.JpaBaseConfiguration$JpaWebConfiguration - spring.jpa.open-in-view is enabled by default. Therefore, database queries may be performed during view rendering. Explicitly configure spring.jpa.open-in-view to disable this warning
16:10:41.723 [main] INFO  org.springframework.security.web.DefaultSecurityFilterChain - Will secure any request with [org.springframework.security.web.session.DisableEncodeUrlFilter@3181fbe7, org.springframework.security.web.context.request.async.WebAsyncManagerIntegrationFilter@c8e99, org.springframework.security.web.context.SecurityContextHolderFilter@79bb14d8, org.springframework.security.web.header.HeaderWriterFilter@420c9959, org.springframework.web.filter.CorsFilter@61d7df22, org.springframework.security.web.authentication.logout.LogoutFilter@13231e7b, com.example.todobackend.security.JwtAuthenticationFilter@722e1bff, org.springframework.security.web.savedrequest.RequestCacheAwareFilter@4353230, org.springframework.security.web.servletapi.SecurityContextHolderAwareRequestFilter@3678f32e, org.springframework.security.web.authentication.AnonymousAuthenticationFilter@4cce889e, org.springframework.security.web.session.SessionManagementFilter@49e8548d, org.springframework.security.web.access.ExceptionTranslationFilter@65689000, org.springframework.security.web.access.intercept.AuthorizationFilter@1784d711]
16:10:41.955 [main] INFO  org.apache.coyote.http11.Http11NioProtocol - Starting ProtocolHandler ["http-nio-8081"]
16:10:41.995 [main] INFO  org.springframework.boot.web.embedded.tomcat.TomcatWebServer - Tomcat started on port 8081 (http) with context path '/'
16:10:42.009 [main] INFO  com.example.todobackend.TodoBackendApplication - Started TodoBackendApplication in 8.456 seconds (process running for 9.365)
16:11:17.158 [http-nio-8081-exec-1] INFO  org.apache.catalina.core.ContainerBase.[Tomcat].[localhost].[/] - Initializing Spring DispatcherServlet 'dispatcherServlet'
16:11:17.159 [http-nio-8081-exec-1] INFO  org.springframework.web.servlet.DispatcherServlet - Initializing Servlet 'dispatcherServlet'
16:11:17.160 [http-nio-8081-exec-1] INFO  org.springframework.web.servlet.DispatcherServlet - Completed initialization in 1 ms
16:32:00.622 [main] INFO  com.example.todobackend.TodoBackendApplication - Starting TodoBackendApplication using Java 17.0.11 with PID 42756 (C:\Learning\System Design\todo-backend\target\classes started by RAVI SHANKAR in C:\Learning\System Design\todo-backend)
16:32:00.634 [main] INFO  com.example.todobackend.TodoBackendApplication - No active profile set, falling back to 1 default profile: "default"
16:32:01.500 [main] INFO  org.springframework.data.repository.config.RepositoryConfigurationDelegate - Bootstrapping Spring Data JPA repositories in DEFAULT mode.
16:32:01.565 [main] INFO  org.springframework.data.repository.config.RepositoryConfigurationDelegate - Finished Spring Data repository scanning in 54 ms. Found 2 JPA repository interfaces.
16:32:02.235 [main] INFO  org.springframework.boot.web.embedded.tomcat.TomcatWebServer - Tomcat initialized with port 8081 (http)
16:32:02.247 [main] INFO  org.apache.coyote.http11.Http11NioProtocol - Initializing ProtocolHandler ["http-nio-8081"]
16:32:02.251 [main] INFO  org.apache.catalina.core.StandardService - Starting service [Tomcat]
16:32:02.251 [main] INFO  org.apache.catalina.core.StandardEngine - Starting Servlet engine: [Apache Tomcat/10.1.24]
16:32:02.320 [main] INFO  org.apache.catalina.core.ContainerBase.[Tomcat].[localhost].[/] - Initializing Spring embedded WebApplicationContext
16:32:02.322 [main] INFO  org.springframework.boot.web.servlet.context.ServletWebServerApplicationContext - Root WebApplicationContext: initialization completed in 1644 ms
16:32:02.539 [main] INFO  org.hibernate.jpa.internal.util.LogHelper - HHH000204: Processing PersistenceUnitInfo [name: default]
16:32:02.596 [main] INFO  org.hibernate.Version - HHH000412: Hibernate ORM core version 6.5.2.Final
16:32:02.634 [main] INFO  org.hibernate.cache.internal.RegionFactoryInitiator - HHH000026: Second-level cache disabled
16:32:02.937 [main] INFO  org.springframework.orm.jpa.persistenceunit.SpringPersistenceUnitInfo - No LoadTimeWeaver setup: ignoring JPA class transformer
16:32:02.967 [main] WARN  org.hibernate.orm.deprecation - HHH90000025: SQLServerDialect does not need to be specified explicitly using 'hibernate.dialect' (remove the property setting and it will be selected by default)
16:32:03.931 [main] INFO  org.hibernate.engine.transaction.jta.platform.internal.JtaPlatformInitiator - HHH000489: No JTA platform available (set 'hibernate.transaction.jta.platform' to enable JTA platform integration)
16:32:03.953 [main] INFO  com.zaxxer.hikari.HikariDataSource - HikariPool-1 - Starting...
16:32:05.887 [main] INFO  com.zaxxer.hikari.pool.HikariPool - HikariPool-1 - Added connection ConnectionID:1 ClientConnectionId: 8742e000-7a4e-4232-97ff-48405504ad10
16:32:05.889 [main] INFO  com.zaxxer.hikari.HikariDataSource - HikariPool-1 - Start completed.
16:32:07.334 [main] INFO  org.springframework.orm.jpa.LocalContainerEntityManagerFactoryBean - Initialized JPA EntityManagerFactory for persistence unit 'default'
16:32:08.056 [main] INFO  org.springframework.security.config.annotation.authentication.configuration.InitializeUserDetailsBeanManagerConfigurer$InitializeUserDetailsManagerConfigurer - Global AuthenticationManager configured with UserDetailsService bean with name customUserDetailsService
16:32:08.182 [main] WARN  org.springframework.boot.autoconfigure.orm.jpa.JpaBaseConfiguration$JpaWebConfiguration - spring.jpa.open-in-view is enabled by default. Therefore, database queries may be performed during view rendering. Explicitly configure spring.jpa.open-in-view to disable this warning
16:32:08.553 [main] INFO  org.springframework.security.web.DefaultSecurityFilterChain - Will secure any request with [org.springframework.security.web.session.DisableEncodeUrlFilter@704ca8a8, org.springframework.security.web.context.request.async.WebAsyncManagerIntegrationFilter@61c98f5, org.springframework.security.web.context.SecurityContextHolderFilter@6cb1da13, org.springframework.security.web.header.HeaderWriterFilter@63b85d97, org.springframework.web.filter.CorsFilter@1784d711, org.springframework.security.web.authentication.logout.LogoutFilter@59cbeaee, com.example.todobackend.security.JwtAuthenticationFilter@4624e3d1, org.springframework.security.web.savedrequest.RequestCacheAwareFilter@49e8548d, org.springframework.security.web.servletapi.SecurityContextHolderAwareRequestFilter@39aaa7db, org.springframework.security.web.authentication.AnonymousAuthenticationFilter@53b81a55, org.springframework.security.web.session.SessionManagementFilter@345f4e0d, org.springframework.security.web.access.ExceptionTranslationFilter@6c3830ed, org.springframework.security.web.access.intercept.AuthorizationFilter@75e068dc]
16:32:08.810 [main] INFO  org.apache.coyote.http11.Http11NioProtocol - Starting ProtocolHandler ["http-nio-8081"]
16:32:08.829 [main] INFO  org.springframework.boot.web.embedded.tomcat.TomcatWebServer - Tomcat started on port 8081 (http) with context path '/'
16:32:08.842 [main] INFO  com.example.todobackend.TodoBackendApplication - Started TodoBackendApplication in 8.545 seconds (process running for 9.415)
17:42:53.767 [http-nio-8081-exec-1] INFO  org.apache.catalina.core.ContainerBase.[Tomcat].[localhost].[/] - Initializing Spring DispatcherServlet 'dispatcherServlet'
17:42:53.768 [http-nio-8081-exec-1] INFO  org.springframework.web.servlet.DispatcherServlet - Initializing Servlet 'dispatcherServlet'
17:42:53.783 [http-nio-8081-exec-1] INFO  org.springframework.web.servlet.DispatcherServlet - Completed initialization in 15 ms
18:19:23.811 [HikariPool-1 housekeeper] WARN  com.zaxxer.hikari.pool.HikariPool - HikariPool-1 - Thread starvation or clock leap detected (housekeeper delta=25m45s375ms474탎500ns).
20:26:38.098 [HikariPool-1 housekeeper] WARN  com.zaxxer.hikari.pool.HikariPool - HikariPool-1 - Thread starvation or clock leap detected (housekeeper delta=1h55m14s62ms870탎100ns).
01:42:19.120 [HikariPool-1 housekeeper] WARN  com.zaxxer.hikari.pool.HikariPool - HikariPool-1 - Thread starvation or clock leap detected (housekeeper delta=4h38m10s176ms40탎800ns).
10:45:25.731 [HikariPool-1 housekeeper] WARN  com.zaxxer.hikari.pool.HikariPool - HikariPool-1 - Thread starvation or clock leap detected (housekeeper delta=9h3m12s504ms175탎100ns).
10:50:55.623 [main] INFO  com.example.todobackend.TodoBackendApplication - Starting TodoBackendApplication using Java 17.0.11 with PID 45820 (C:\Learning\System Design\todo-backend\target\classes started by RAVI SHANKAR in C:\Learning\System Design\todo-backend)
10:50:55.634 [main] INFO  com.example.todobackend.TodoBackendApplication - No active profile set, falling back to 1 default profile: "default"
10:50:56.770 [main] INFO  org.springframework.data.repository.config.RepositoryConfigurationDelegate - Bootstrapping Spring Data JPA repositories in DEFAULT mode.
10:50:56.853 [main] INFO  org.springframework.data.repository.config.RepositoryConfigurationDelegate - Finished Spring Data repository scanning in 72 ms. Found 2 JPA repository interfaces.
10:50:57.809 [main] INFO  org.springframework.boot.web.embedded.tomcat.TomcatWebServer - Tomcat initialized with port 8081 (http)
10:50:57.828 [main] INFO  org.apache.coyote.http11.Http11NioProtocol - Initializing ProtocolHandler ["http-nio-8081"]
10:50:57.833 [main] INFO  org.apache.catalina.core.StandardService - Starting service [Tomcat]
10:50:57.833 [main] INFO  org.apache.catalina.core.StandardEngine - Starting Servlet engine: [Apache Tomcat/10.1.24]
10:50:57.961 [main] INFO  org.apache.catalina.core.ContainerBase.[Tomcat].[localhost].[/] - Initializing Spring embedded WebApplicationContext
10:50:57.963 [main] INFO  org.springframework.boot.web.servlet.context.ServletWebServerApplicationContext - Root WebApplicationContext: initialization completed in 2286 ms
10:50:58.364 [main] INFO  org.hibernate.jpa.internal.util.LogHelper - HHH000204: Processing PersistenceUnitInfo [name: default]
10:50:58.464 [main] INFO  org.hibernate.Version - HHH000412: Hibernate ORM core version 6.5.2.Final
10:50:58.534 [main] INFO  org.hibernate.cache.internal.RegionFactoryInitiator - HHH000026: Second-level cache disabled
10:50:59.076 [main] INFO  org.springframework.orm.jpa.persistenceunit.SpringPersistenceUnitInfo - No LoadTimeWeaver setup: ignoring JPA class transformer
10:50:59.130 [main] WARN  org.hibernate.orm.deprecation - HHH90000025: SQLServerDialect does not need to be specified explicitly using 'hibernate.dialect' (remove the property setting and it will be selected by default)
10:51:00.688 [main] INFO  org.hibernate.engine.transaction.jta.platform.internal.JtaPlatformInitiator - HHH000489: No JTA platform available (set 'hibernate.transaction.jta.platform' to enable JTA platform integration)
10:51:00.722 [main] INFO  com.zaxxer.hikari.HikariDataSource - HikariPool-1 - Starting...
10:51:02.969 [main] INFO  com.zaxxer.hikari.pool.HikariPool - HikariPool-1 - Added connection ConnectionID:1 ClientConnectionId: 20be257a-e886-45aa-99a4-ae9b4459d087
10:51:02.971 [main] INFO  com.zaxxer.hikari.HikariDataSource - HikariPool-1 - Start completed.
10:51:04.954 [main] INFO  org.springframework.orm.jpa.LocalContainerEntityManagerFactoryBean - Initialized JPA EntityManagerFactory for persistence unit 'default'
10:51:05.977 [main] INFO  org.springframework.security.config.annotation.authentication.configuration.InitializeUserDetailsBeanManagerConfigurer$InitializeUserDetailsManagerConfigurer - Global AuthenticationManager configured with UserDetailsService bean with name customUserDetailsService
10:51:06.196 [main] WARN  org.springframework.boot.autoconfigure.orm.jpa.JpaBaseConfiguration$JpaWebConfiguration - spring.jpa.open-in-view is enabled by default. Therefore, database queries may be performed during view rendering. Explicitly configure spring.jpa.open-in-view to disable this warning
10:51:06.706 [main] INFO  org.springframework.security.web.DefaultSecurityFilterChain - Will secure any request with [org.springframework.security.web.session.DisableEncodeUrlFilter@61c98f5, org.springframework.security.web.context.request.async.WebAsyncManagerIntegrationFilter@1784d711, org.springframework.security.web.context.SecurityContextHolderFilter@2250deae, org.springframework.security.web.header.HeaderWriterFilter@50cadbae, org.springframework.web.filter.CorsFilter@4624e3d1, org.springframework.security.web.authentication.logout.LogoutFilter@3299ee2c, com.example.todobackend.security.JwtAuthenticationFilter@53b81a55, org.springframework.security.web.savedrequest.RequestCacheAwareFilter@3fb920d9, org.springframework.security.web.servletapi.SecurityContextHolderAwareRequestFilter@14a3a66c, org.springframework.security.web.authentication.AnonymousAuthenticationFilter@3181fbe7, org.springframework.security.web.session.SessionManagementFilter@1c3eeda4, org.springframework.security.web.access.ExceptionTranslationFilter@32a541a8, org.springframework.security.web.access.intercept.AuthorizationFilter@437a4e61]
10:51:07.074 [main] INFO  org.apache.coyote.http11.Http11NioProtocol - Starting ProtocolHandler ["http-nio-8081"]
10:51:07.110 [main] INFO  org.springframework.boot.web.embedded.tomcat.TomcatWebServer - Tomcat started on port 8081 (http) with context path '/'
10:51:07.124 [main] INFO  com.example.todobackend.TodoBackendApplication - Started TodoBackendApplication in 12.14 seconds (process running for 13.361)
10:51:17.528 [http-nio-8081-exec-1] INFO  org.apache.catalina.core.ContainerBase.[Tomcat].[localhost].[/] - Initializing Spring DispatcherServlet 'dispatcherServlet'
10:51:17.528 [http-nio-8081-exec-1] INFO  org.springframework.web.servlet.DispatcherServlet - Initializing Servlet 'dispatcherServlet'
10:51:17.531 [http-nio-8081-exec-1] INFO  org.springframework.web.servlet.DispatcherServlet - Completed initialization in 2 ms
12:26:31.199 [HikariPool-1 housekeeper] WARN  com.zaxxer.hikari.pool.HikariPool - HikariPool-1 - Thread starvation or clock leap detected (housekeeper delta=56s443ms782탎600ns).
12:37:02.050 [HikariPool-1 housekeeper] WARN  com.zaxxer.hikari.pool.HikariPool - HikariPool-1 - Thread starvation or clock leap detected (housekeeper delta=1m713ms771탎700ns).
16:32:07.155 [main] INFO  com.example.todobackend.TodoBackendApplication - Starting TodoBackendApplication using Java 17.0.11 with PID 38884 (C:\Learning\System Design\todo-backend\target\classes started by RAVI SHANKAR in C:\Learning\System Design\todo-backend)
16:32:07.167 [main] INFO  com.example.todobackend.TodoBackendApplication - No active profile set, falling back to 1 default profile: "default"
16:32:07.996 [main] INFO  org.springframework.data.repository.config.RepositoryConfigurationDelegate - Bootstrapping Spring Data JPA repositories in DEFAULT mode.
16:32:08.064 [main] INFO  org.springframework.data.repository.config.RepositoryConfigurationDelegate - Finished Spring Data repository scanning in 60 ms. Found 2 JPA repository interfaces.
16:32:08.659 [main] INFO  org.springframework.boot.web.embedded.tomcat.TomcatWebServer - Tomcat initialized with port 8081 (http)
16:32:08.671 [main] INFO  org.apache.coyote.http11.Http11NioProtocol - Initializing ProtocolHandler ["http-nio-8081"]
16:32:08.673 [main] INFO  org.apache.catalina.core.StandardService - Starting service [Tomcat]
16:32:08.673 [main] INFO  org.apache.catalina.core.StandardEngine - Starting Servlet engine: [Apache Tomcat/10.1.24]
16:32:08.812 [main] INFO  org.apache.catalina.core.ContainerBase.[Tomcat].[localhost].[/] - Initializing Spring embedded WebApplicationContext
16:32:08.814 [main] INFO  org.springframework.boot.web.servlet.context.ServletWebServerApplicationContext - Root WebApplicationContext: initialization completed in 1605 ms
16:32:09.083 [main] INFO  org.hibernate.jpa.internal.util.LogHelper - HHH000204: Processing PersistenceUnitInfo [name: default]
16:32:09.175 [main] INFO  org.hibernate.Version - HHH000412: Hibernate ORM core version 6.5.2.Final
16:32:09.230 [main] INFO  org.hibernate.cache.internal.RegionFactoryInitiator - HHH000026: Second-level cache disabled
16:32:09.556 [main] INFO  org.springframework.orm.jpa.persistenceunit.SpringPersistenceUnitInfo - No LoadTimeWeaver setup: ignoring JPA class transformer
16:32:09.596 [main] WARN  org.hibernate.orm.deprecation - HHH90000025: SQLServerDialect does not need to be specified explicitly using 'hibernate.dialect' (remove the property setting and it will be selected by default)
16:32:10.581 [main] INFO  org.hibernate.engine.transaction.jta.platform.internal.JtaPlatformInitiator - HHH000489: No JTA platform available (set 'hibernate.transaction.jta.platform' to enable JTA platform integration)
16:32:10.616 [main] INFO  com.zaxxer.hikari.HikariDataSource - HikariPool-1 - Starting...
16:32:12.701 [main] INFO  com.zaxxer.hikari.pool.HikariPool - HikariPool-1 - Added connection ConnectionID:1 ClientConnectionId: 356d8291-f4c8-44dc-8eaf-f0d91ce4344e
16:32:12.703 [main] INFO  com.zaxxer.hikari.HikariDataSource - HikariPool-1 - Start completed.
16:32:14.172 [main] INFO  org.springframework.orm.jpa.LocalContainerEntityManagerFactoryBean - Initialized JPA EntityManagerFactory for persistence unit 'default'
16:32:14.836 [main] INFO  org.springframework.security.config.annotation.authentication.configuration.InitializeUserDetailsBeanManagerConfigurer$InitializeUserDetailsManagerConfigurer - Global AuthenticationManager configured with UserDetailsService bean with name customUserDetailsService
16:32:14.987 [main] WARN  org.springframework.boot.autoconfigure.orm.jpa.JpaBaseConfiguration$JpaWebConfiguration - spring.jpa.open-in-view is enabled by default. Therefore, database queries may be performed during view rendering. Explicitly configure spring.jpa.open-in-view to disable this warning
16:32:15.327 [main] INFO  org.springframework.security.web.DefaultSecurityFilterChain - Will secure any request with [org.springframework.security.web.session.DisableEncodeUrlFilter@458500d1, org.springframework.security.web.context.request.async.WebAsyncManagerIntegrationFilter@59cbeaee, org.springframework.security.web.context.SecurityContextHolderFilter@63b85d97, org.springframework.security.web.header.HeaderWriterFilter@54418834, org.springframework.web.filter.CorsFilter@3299ee2c, org.springframework.security.web.authentication.logout.LogoutFilter@645b67d6, com.example.todobackend.security.JwtAuthenticationFilter@542759f, org.springframework.security.web.savedrequest.RequestCacheAwareFilter@7d583602, org.springframework.security.web.servletapi.SecurityContextHolderAwareRequestFilter@683218c8, org.springframework.security.web.authentication.AnonymousAuthenticationFilter@68ac6e6e, org.springframework.security.web.session.SessionManagementFilter@7c59f315, org.springframework.security.web.access.ExceptionTranslationFilter@1455a374, org.springframework.security.web.access.intercept.AuthorizationFilter@2297c8bf]
16:32:15.625 [main] INFO  org.apache.coyote.http11.Http11NioProtocol - Starting ProtocolHandler ["http-nio-8081"]
16:32:15.663 [main] INFO  org.springframework.boot.web.embedded.tomcat.TomcatWebServer - Tomcat started on port 8081 (http) with context path '/'
16:32:15.681 [main] INFO  com.example.todobackend.TodoBackendApplication - Started TodoBackendApplication in 8.954 seconds (process running for 9.845)
16:32:20.684 [http-nio-8081-exec-1] INFO  org.apache.catalina.core.ContainerBase.[Tomcat].[localhost].[/] - Initializing Spring DispatcherServlet 'dispatcherServlet'
16:32:20.684 [http-nio-8081-exec-1] INFO  org.springframework.web.servlet.DispatcherServlet - Initializing Servlet 'dispatcherServlet'
16:32:20.686 [http-nio-8081-exec-1] INFO  org.springframework.web.servlet.DispatcherServlet - Completed initialization in 2 ms
16:32:27.732 [http-nio-8081-exec-1] INFO  org.springdoc.api.AbstractOpenApiResource - Init duration for springdoc-openapi is: 348 ms
16:32:47.016 [http-nio-8081-exec-9] INFO  com.example.todobackend.service.TodoService - Saved Todo with id: 13
17:17:31.081 [main] INFO  com.example.todobackend.TodoBackendApplication - Starting TodoBackendApplication using Java 17.0.11 with PID 23364 (C:\Learning\System Design\todo-backend\target\classes started by RAVI SHANKAR in C:\Learning\System Design\todo-backend)
17:17:31.091 [main] INFO  com.example.todobackend.TodoBackendApplication - No active profile set, falling back to 1 default profile: "default"
17:17:31.886 [main] INFO  org.springframework.data.repository.config.RepositoryConfigurationDelegate - Bootstrapping Spring Data JPA repositories in DEFAULT mode.
17:17:31.954 [main] INFO  org.springframework.data.repository.config.RepositoryConfigurationDelegate - Finished Spring Data repository scanning in 59 ms. Found 2 JPA repository interfaces.
17:17:32.520 [main] INFO  org.springframework.boot.web.embedded.tomcat.TomcatWebServer - Tomcat initialized with port 8081 (http)
17:17:32.530 [main] INFO  org.apache.coyote.http11.Http11NioProtocol - Initializing ProtocolHandler ["http-nio-8081"]
17:17:32.533 [main] INFO  org.apache.catalina.core.StandardService - Starting service [Tomcat]
17:17:32.533 [main] INFO  org.apache.catalina.core.StandardEngine - Starting Servlet engine: [Apache Tomcat/10.1.24]
17:17:32.594 [main] INFO  org.apache.catalina.core.ContainerBase.[Tomcat].[localhost].[/] - Initializing Spring embedded WebApplicationContext
17:17:32.595 [main] INFO  org.springframework.boot.web.servlet.context.ServletWebServerApplicationContext - Root WebApplicationContext: initialization completed in 1461 ms
17:17:32.822 [main] INFO  org.hibernate.jpa.internal.util.LogHelper - HHH000204: Processing PersistenceUnitInfo [name: default]
17:17:32.867 [main] INFO  org.hibernate.Version - HHH000412: Hibernate ORM core version 6.5.2.Final
17:17:32.901 [main] INFO  org.hibernate.cache.internal.RegionFactoryInitiator - HHH000026: Second-level cache disabled
17:17:33.225 [main] INFO  org.springframework.orm.jpa.persistenceunit.SpringPersistenceUnitInfo - No LoadTimeWeaver setup: ignoring JPA class transformer
17:17:33.255 [main] WARN  org.hibernate.orm.deprecation - HHH90000025: SQLServerDialect does not need to be specified explicitly using 'hibernate.dialect' (remove the property setting and it will be selected by default)
17:17:34.109 [main] INFO  org.hibernate.engine.transaction.jta.platform.internal.JtaPlatformInitiator - HHH000489: No JTA platform available (set 'hibernate.transaction.jta.platform' to enable JTA platform integration)
17:17:34.136 [main] INFO  com.zaxxer.hikari.HikariDataSource - HikariPool-1 - Starting...
17:17:36.004 [main] INFO  com.zaxxer.hikari.pool.HikariPool - HikariPool-1 - Added connection ConnectionID:1 ClientConnectionId: 696fb2b4-066e-4756-874c-083f18ae3112
17:17:36.005 [main] INFO  com.zaxxer.hikari.HikariDataSource - HikariPool-1 - Start completed.
17:17:37.379 [main] INFO  org.springframework.orm.jpa.LocalContainerEntityManagerFactoryBean - Initialized JPA EntityManagerFactory for persistence unit 'default'
17:17:38.033 [main] INFO  org.springframework.security.config.annotation.authentication.configuration.InitializeUserDetailsBeanManagerConfigurer$InitializeUserDetailsManagerConfigurer - Global AuthenticationManager configured with UserDetailsService bean with name customUserDetailsService
17:17:38.161 [main] WARN  org.springframework.boot.autoconfigure.orm.jpa.JpaBaseConfiguration$JpaWebConfiguration - spring.jpa.open-in-view is enabled by default. Therefore, database queries may be performed during view rendering. Explicitly configure spring.jpa.open-in-view to disable this warning
17:17:38.420 [main] INFO  org.springframework.security.web.DefaultSecurityFilterChain - Will secure any request with [org.springframework.security.web.session.DisableEncodeUrlFilter@6eb6750f, org.springframework.security.web.context.request.async.WebAsyncManagerIntegrationFilter@13231e7b, org.springframework.security.web.context.SecurityContextHolderFilter@420c9959, org.springframework.security.web.header.HeaderWriterFilter@2bd67cf9, org.springframework.web.filter.CorsFilter@55b7f0d, org.springframework.security.web.authentication.logout.LogoutFilter@5a9a187b, com.example.todobackend.security.JwtAuthenticationFilter@e0faed6, org.springframework.security.web.savedrequest.RequestCacheAwareFilter@5f113867, org.springframework.security.web.servletapi.SecurityContextHolderAwareRequestFilter@6cb1da13, org.springframework.security.web.authentication.AnonymousAuthenticationFilter@53ccbc15, org.springframework.security.web.session.SessionManagementFilter@7d583602, org.springframework.security.web.access.ExceptionTranslationFilter@10b063fd, org.springframework.security.web.access.intercept.AuthorizationFilter@3299ee2c]
17:17:38.639 [main] INFO  org.apache.coyote.http11.Http11NioProtocol - Starting ProtocolHandler ["http-nio-8081"]
17:17:38.668 [main] INFO  org.springframework.boot.web.embedded.tomcat.TomcatWebServer - Tomcat started on port 8081 (http) with context path '/'
17:17:38.676 [main] INFO  com.example.todobackend.TodoBackendApplication - Started TodoBackendApplication in 7.939 seconds (process running for 8.808)
17:17:53.852 [http-nio-8081-exec-1] INFO  org.apache.catalina.core.ContainerBase.[Tomcat].[localhost].[/] - Initializing Spring DispatcherServlet 'dispatcherServlet'
17:17:53.852 [http-nio-8081-exec-1] INFO  org.springframework.web.servlet.DispatcherServlet - Initializing Servlet 'dispatcherServlet'
17:17:53.853 [http-nio-8081-exec-1] INFO  org.springframework.web.servlet.DispatcherServlet - Completed initialization in 1 ms
22:10:26.449 [HikariPool-1 housekeeper] WARN  com.zaxxer.hikari.pool.HikariPool - HikariPool-1 - Thread starvation or clock leap detected (housekeeper delta=4h47m50s248ms941탎100ns).
10:42:17.039 [HikariPool-1 housekeeper] WARN  com.zaxxer.hikari.pool.HikariPool - HikariPool-1 - Thread starvation or clock leap detected (housekeeper delta=2d12h31m56s68ms743탎600ns).
10:53:45.738 [main] INFO  com.example.todobackend.TodoBackendApplication - Starting TodoBackendApplication using Java 17.0.11 with PID 1064 (C:\Learning\System Design\todo-backend\target\classes started by RAVI SHANKAR in C:\Learning\System Design\todo-backend)
10:53:45.751 [main] INFO  com.example.todobackend.TodoBackendApplication - No active profile set, falling back to 1 default profile: "default"
10:53:46.721 [main] INFO  org.springframework.data.repository.config.RepositoryConfigurationDelegate - Bootstrapping Spring Data JPA repositories in DEFAULT mode.
10:53:46.814 [main] INFO  org.springframework.data.repository.config.RepositoryConfigurationDelegate - Finished Spring Data repository scanning in 81 ms. Found 2 JPA repository interfaces.
10:53:47.520 [main] INFO  org.springframework.boot.web.embedded.tomcat.TomcatWebServer - Tomcat initialized with port 8081 (http)
10:53:47.533 [main] INFO  org.apache.coyote.http11.Http11NioProtocol - Initializing ProtocolHandler ["http-nio-8081"]
10:53:47.536 [main] INFO  org.apache.catalina.core.StandardService - Starting service [Tomcat]
10:53:47.537 [main] INFO  org.apache.catalina.core.StandardEngine - Starting Servlet engine: [Apache Tomcat/10.1.24]
10:53:47.604 [main] INFO  org.apache.catalina.core.ContainerBase.[Tomcat].[localhost].[/] - Initializing Spring embedded WebApplicationContext
10:53:47.604 [main] INFO  org.springframework.boot.web.servlet.context.ServletWebServerApplicationContext - Root WebApplicationContext: initialization completed in 1809 ms
10:53:47.887 [main] INFO  org.hibernate.jpa.internal.util.LogHelper - HHH000204: Processing PersistenceUnitInfo [name: default]
10:53:47.984 [main] INFO  org.hibernate.Version - HHH000412: Hibernate ORM core version 6.5.2.Final
10:53:48.035 [main] INFO  org.hibernate.cache.internal.RegionFactoryInitiator - HHH000026: Second-level cache disabled
10:53:48.513 [main] INFO  org.springframework.orm.jpa.persistenceunit.SpringPersistenceUnitInfo - No LoadTimeWeaver setup: ignoring JPA class transformer
10:53:48.565 [main] WARN  org.hibernate.orm.deprecation - HHH90000025: SQLServerDialect does not need to be specified explicitly using 'hibernate.dialect' (remove the property setting and it will be selected by default)
10:53:49.567 [main] INFO  org.hibernate.engine.transaction.jta.platform.internal.JtaPlatformInitiator - HHH000489: No JTA platform available (set 'hibernate.transaction.jta.platform' to enable JTA platform integration)
10:53:49.592 [main] INFO  com.zaxxer.hikari.HikariDataSource - HikariPool-1 - Starting...
10:53:52.438 [main] INFO  com.zaxxer.hikari.pool.HikariPool - HikariPool-1 - Added connection ConnectionID:1 ClientConnectionId: 5eaf05e6-e26b-4e65-ac84-a618b568d1c3
10:53:52.440 [main] INFO  com.zaxxer.hikari.HikariDataSource - HikariPool-1 - Start completed.
10:53:54.014 [main] INFO  org.springframework.orm.jpa.LocalContainerEntityManagerFactoryBean - Initialized JPA EntityManagerFactory for persistence unit 'default'
10:53:54.706 [main] INFO  org.springframework.security.config.annotation.authentication.configuration.InitializeUserDetailsBeanManagerConfigurer$InitializeUserDetailsManagerConfigurer - Global AuthenticationManager configured with UserDetailsService bean with name customUserDetailsService
10:53:54.834 [main] WARN  org.springframework.boot.autoconfigure.orm.jpa.JpaBaseConfiguration$JpaWebConfiguration - spring.jpa.open-in-view is enabled by default. Therefore, database queries may be performed during view rendering. Explicitly configure spring.jpa.open-in-view to disable this warning
10:53:55.148 [main] INFO  org.springframework.security.web.DefaultSecurityFilterChain - Will secure any request with [org.springframework.security.web.session.DisableEncodeUrlFilter@61c98f5, org.springframework.security.web.context.request.async.WebAsyncManagerIntegrationFilter@1784d711, org.springframework.security.web.context.SecurityContextHolderFilter@2250deae, org.springframework.security.web.header.HeaderWriterFilter@50cadbae, org.springframework.web.filter.CorsFilter@4624e3d1, org.springframework.security.web.authentication.logout.LogoutFilter@3299ee2c, com.example.todobackend.security.JwtAuthenticationFilter@53b81a55, org.springframework.security.web.savedrequest.RequestCacheAwareFilter@3fb920d9, org.springframework.security.web.servletapi.SecurityContextHolderAwareRequestFilter@14a3a66c, org.springframework.security.web.authentication.AnonymousAuthenticationFilter@3181fbe7, org.springframework.security.web.session.SessionManagementFilter@1c3eeda4, org.springframework.security.web.access.ExceptionTranslationFilter@32a541a8, org.springframework.security.web.access.intercept.AuthorizationFilter@437a4e61]
10:53:55.400 [main] INFO  org.apache.coyote.http11.Http11NioProtocol - Starting ProtocolHandler ["http-nio-8081"]
10:53:55.431 [main] INFO  org.springframework.boot.web.embedded.tomcat.TomcatWebServer - Tomcat started on port 8081 (http) with context path '/'
10:53:55.440 [main] INFO  com.example.todobackend.TodoBackendApplication - Started TodoBackendApplication in 10.096 seconds (process running for 11.177)
10:54:39.273 [http-nio-8081-exec-1] INFO  org.apache.catalina.core.ContainerBase.[Tomcat].[localhost].[/] - Initializing Spring DispatcherServlet 'dispatcherServlet'
10:54:39.274 [http-nio-8081-exec-1] INFO  org.springframework.web.servlet.DispatcherServlet - Initializing Servlet 'dispatcherServlet'
10:54:39.275 [http-nio-8081-exec-1] INFO  org.springframework.web.servlet.DispatcherServlet - Completed initialization in 1 ms
14:43:42.371 [main] INFO  com.example.todobackend.TodoBackendApplication - Starting TodoBackendApplication using Java 17.0.11 with PID 48852 (C:\Learning\System Design\todo-backend\target\classes started by RAVI SHANKAR in C:\Learning\System Design\todo-backend)
14:43:42.385 [main] INFO  com.example.todobackend.TodoBackendApplication - No active profile set, falling back to 1 default profile: "default"
14:43:43.552 [main] INFO  org.springframework.data.repository.config.RepositoryConfigurationDelegate - Bootstrapping Spring Data JPA repositories in DEFAULT mode.
14:43:43.630 [main] INFO  org.springframework.data.repository.config.RepositoryConfigurationDelegate - Finished Spring Data repository scanning in 68 ms. Found 2 JPA repository interfaces.
14:43:44.465 [main] INFO  org.springframework.boot.web.embedded.tomcat.TomcatWebServer - Tomcat initialized with port 8081 (http)
14:43:44.484 [main] INFO  org.apache.coyote.http11.Http11NioProtocol - Initializing ProtocolHandler ["http-nio-8081"]
14:43:44.487 [main] INFO  org.apache.catalina.core.StandardService - Starting service [Tomcat]
14:43:44.488 [main] INFO  org.apache.catalina.core.StandardEngine - Starting Servlet engine: [Apache Tomcat/10.1.24]
14:43:44.591 [main] INFO  org.apache.catalina.core.ContainerBase.[Tomcat].[localhost].[/] - Initializing Spring embedded WebApplicationContext
14:43:44.593 [main] INFO  org.springframework.boot.web.servlet.context.ServletWebServerApplicationContext - Root WebApplicationContext: initialization completed in 2145 ms
14:43:44.900 [main] INFO  org.hibernate.jpa.internal.util.LogHelper - HHH000204: Processing PersistenceUnitInfo [name: default]
14:43:45.006 [main] INFO  org.hibernate.Version - HHH000412: Hibernate ORM core version 6.5.2.Final
14:43:45.067 [main] INFO  org.hibernate.cache.internal.RegionFactoryInitiator - HHH000026: Second-level cache disabled
14:43:45.520 [main] INFO  org.springframework.orm.jpa.persistenceunit.SpringPersistenceUnitInfo - No LoadTimeWeaver setup: ignoring JPA class transformer
14:43:45.571 [main] WARN  org.hibernate.orm.deprecation - HHH90000025: SQLServerDialect does not need to be specified explicitly using 'hibernate.dialect' (remove the property setting and it will be selected by default)
14:43:46.675 [main] INFO  org.hibernate.engine.transaction.jta.platform.internal.JtaPlatformInitiator - HHH000489: No JTA platform available (set 'hibernate.transaction.jta.platform' to enable JTA platform integration)
14:43:46.706 [main] INFO  com.zaxxer.hikari.HikariDataSource - HikariPool-1 - Starting...
14:43:52.982 [main] INFO  com.zaxxer.hikari.pool.HikariPool - HikariPool-1 - Added connection ConnectionID:1 ClientConnectionId: 58ce1001-9004-4e18-87fd-7686f96222c9
14:43:52.984 [main] INFO  com.zaxxer.hikari.HikariDataSource - HikariPool-1 - Start completed.
14:43:54.741 [main] INFO  org.springframework.orm.jpa.LocalContainerEntityManagerFactoryBean - Initialized JPA EntityManagerFactory for persistence unit 'default'
14:43:55.631 [main] INFO  org.springframework.security.config.annotation.authentication.configuration.InitializeUserDetailsBeanManagerConfigurer$InitializeUserDetailsManagerConfigurer - Global AuthenticationManager configured with UserDetailsService bean with name customUserDetailsService
14:43:55.787 [main] WARN  org.springframework.boot.autoconfigure.orm.jpa.JpaBaseConfiguration$JpaWebConfiguration - spring.jpa.open-in-view is enabled by default. Therefore, database queries may be performed during view rendering. Explicitly configure spring.jpa.open-in-view to disable this warning
14:43:56.145 [main] INFO  org.springframework.security.web.DefaultSecurityFilterChain - Will secure any request with [org.springframework.security.web.session.DisableEncodeUrlFilter@2f4bc3ff, org.springframework.security.web.context.request.async.WebAsyncManagerIntegrationFilter@2297c8bf, org.springframework.security.web.context.SecurityContextHolderFilter@383d2e2d, org.springframework.security.web.header.HeaderWriterFilter@9abbe39, org.springframework.web.filter.CorsFilter@154fcedd, org.springframework.security.web.authentication.logout.LogoutFilter@4d37c996, com.example.todobackend.security.JwtAuthenticationFilter@34a06981, org.springframework.security.web.savedrequest.RequestCacheAwareFilter@6c3830ed, org.springframework.security.web.servletapi.SecurityContextHolderAwareRequestFilter@7e584f3c, org.springframework.security.web.authentication.AnonymousAuthenticationFilter@458500d1, org.springframework.security.web.session.SessionManagementFilter@52b2c255, org.springframework.security.web.access.ExceptionTranslationFilter@719e8f9f, org.springframework.security.web.access.intercept.AuthorizationFilter@5eaa6f76]
14:43:56.442 [main] INFO  org.apache.coyote.http11.Http11NioProtocol - Starting ProtocolHandler ["http-nio-8081"]
14:43:56.476 [main] INFO  org.springframework.boot.web.embedded.tomcat.TomcatWebServer - Tomcat started on port 8081 (http) with context path '/'
14:43:56.488 [main] INFO  com.example.todobackend.TodoBackendApplication - Started TodoBackendApplication in 14.6 seconds (process running for 15.738)
14:45:47.532 [http-nio-8081-exec-1] INFO  org.apache.catalina.core.ContainerBase.[Tomcat].[localhost].[/] - Initializing Spring DispatcherServlet 'dispatcherServlet'
14:45:47.533 [http-nio-8081-exec-1] INFO  org.springframework.web.servlet.DispatcherServlet - Initializing Servlet 'dispatcherServlet'
14:45:47.534 [http-nio-8081-exec-1] INFO  org.springframework.web.servlet.DispatcherServlet - Completed initialization in 1 ms
16:05:43.084 [HikariPool-1 housekeeper] WARN  com.zaxxer.hikari.pool.HikariPool - HikariPool-1 - Thread starvation or clock leap detected (housekeeper delta=14m18s775ms338탎300ns).
16:24:37.677 [HikariPool-1 housekeeper] WARN  com.zaxxer.hikari.pool.HikariPool - HikariPool-1 - Thread starvation or clock leap detected (housekeeper delta=9m24s427ms688탎400ns).
09:58:50.802 [HikariPool-1 housekeeper] WARN  com.zaxxer.hikari.pool.HikariPool - HikariPool-1 - Thread starvation or clock leap detected (housekeeper delta=17h11m45s111ms674탎100ns).
10:29:37.761 [main] INFO  com.example.todobackend.TodoBackendApplication - Starting TodoBackendApplication using Java 17.0.11 with PID 13048 (C:\Learning\System Design\todo-backend\target\classes started by RAVI SHANKAR in C:\Learning\System Design\todo-backend)
10:29:37.771 [main] INFO  com.example.todobackend.TodoBackendApplication - No active profile set, falling back to 1 default profile: "default"
10:29:38.671 [main] INFO  org.springframework.data.repository.config.RepositoryConfigurationDelegate - Bootstrapping Spring Data JPA repositories in DEFAULT mode.
10:29:38.735 [main] INFO  org.springframework.data.repository.config.RepositoryConfigurationDelegate - Finished Spring Data repository scanning in 56 ms. Found 2 JPA repository interfaces.
10:29:39.377 [main] INFO  org.springframework.boot.web.embedded.tomcat.TomcatWebServer - Tomcat initialized with port 8081 (http)
10:29:39.387 [main] INFO  org.apache.coyote.http11.Http11NioProtocol - Initializing ProtocolHandler ["http-nio-8081"]
10:29:39.389 [main] INFO  org.apache.catalina.core.StandardService - Starting service [Tomcat]
10:29:39.390 [main] INFO  org.apache.catalina.core.StandardEngine - Starting Servlet engine: [Apache Tomcat/10.1.24]
10:29:39.447 [main] INFO  org.apache.catalina.core.ContainerBase.[Tomcat].[localhost].[/] - Initializing Spring embedded WebApplicationContext
10:29:39.449 [main] INFO  org.springframework.boot.web.servlet.context.ServletWebServerApplicationContext - Root WebApplicationContext: initialization completed in 1640 ms
10:29:39.747 [main] INFO  org.hibernate.jpa.internal.util.LogHelper - HHH000204: Processing PersistenceUnitInfo [name: default]
10:29:39.821 [main] INFO  org.hibernate.Version - HHH000412: Hibernate ORM core version 6.5.2.Final
10:29:39.871 [main] INFO  org.hibernate.cache.internal.RegionFactoryInitiator - HHH000026: Second-level cache disabled
10:29:40.230 [main] INFO  org.springframework.orm.jpa.persistenceunit.SpringPersistenceUnitInfo - No LoadTimeWeaver setup: ignoring JPA class transformer
10:29:40.268 [main] WARN  org.hibernate.orm.deprecation - HHH90000025: SQLServerDialect does not need to be specified explicitly using 'hibernate.dialect' (remove the property setting and it will be selected by default)
10:29:41.125 [main] INFO  org.hibernate.engine.transaction.jta.platform.internal.JtaPlatformInitiator - HHH000489: No JTA platform available (set 'hibernate.transaction.jta.platform' to enable JTA platform integration)
10:29:41.154 [main] INFO  com.zaxxer.hikari.HikariDataSource - HikariPool-1 - Starting...
10:29:43.346 [main] INFO  com.zaxxer.hikari.pool.HikariPool - HikariPool-1 - Added connection ConnectionID:1 ClientConnectionId: c4038528-2eff-4006-ad71-91e87fa7058b
10:29:43.348 [main] INFO  com.zaxxer.hikari.HikariDataSource - HikariPool-1 - Start completed.
10:29:45.073 [main] INFO  org.springframework.orm.jpa.LocalContainerEntityManagerFactoryBean - Initialized JPA EntityManagerFactory for persistence unit 'default'
10:29:46.185 [main] INFO  org.springframework.security.config.annotation.authentication.configuration.InitializeUserDetailsBeanManagerConfigurer$InitializeUserDetailsManagerConfigurer - Global AuthenticationManager configured with UserDetailsService bean with name customUserDetailsService
10:29:46.349 [main] WARN  org.springframework.boot.autoconfigure.orm.jpa.JpaBaseConfiguration$JpaWebConfiguration - spring.jpa.open-in-view is enabled by default. Therefore, database queries may be performed during view rendering. Explicitly configure spring.jpa.open-in-view to disable this warning
10:29:46.767 [main] INFO  org.springframework.security.web.DefaultSecurityFilterChain - Will secure any request with [org.springframework.security.web.session.DisableEncodeUrlFilter@59cbeaee, org.springframework.security.web.context.request.async.WebAsyncManagerIntegrationFilter@3299ee2c, org.springframework.security.web.context.SecurityContextHolderFilter@50cadbae, org.springframework.security.web.header.HeaderWriterFilter@54d6f172, org.springframework.web.filter.CorsFilter@542759f, org.springframework.security.web.authentication.logout.LogoutFilter@1926806c, com.example.todobackend.security.JwtAuthenticationFilter@68ac6e6e, org.springframework.security.web.savedrequest.RequestCacheAwareFilter@65689000, org.springframework.security.web.servletapi.SecurityContextHolderAwareRequestFilter@3eb6d7a9, org.springframework.security.web.authentication.AnonymousAuthenticationFilter@6eb6750f, org.springframework.security.web.session.SessionManagementFilter@6c3830ed, org.springframework.security.web.access.ExceptionTranslationFilter@cfb462, org.springframework.security.web.access.intercept.AuthorizationFilter@154fcedd]
10:29:47.128 [main] INFO  org.apache.coyote.http11.Http11NioProtocol - Starting ProtocolHandler ["http-nio-8081"]
10:29:47.201 [main] INFO  org.springframework.boot.web.embedded.tomcat.TomcatWebServer - Tomcat started on port 8081 (http) with context path '/'
10:29:47.224 [main] INFO  com.example.todobackend.TodoBackendApplication - Started TodoBackendApplication in 9.848 seconds (process running for 10.797)
10:30:25.865 [http-nio-8081-exec-1] INFO  org.apache.catalina.core.ContainerBase.[Tomcat].[localhost].[/] - Initializing Spring DispatcherServlet 'dispatcherServlet'
10:30:25.865 [http-nio-8081-exec-1] INFO  org.springframework.web.servlet.DispatcherServlet - Initializing Servlet 'dispatcherServlet'
10:30:25.866 [http-nio-8081-exec-1] INFO  org.springframework.web.servlet.DispatcherServlet - Completed initialization in 1 ms
11:58:52.235 [http-nio-8081-exec-4] INFO  com.example.todobackend.service.TodoService - Deleted Todo with id: 9
12:35:57.981 [HikariPool-1 housekeeper] WARN  com.zaxxer.hikari.pool.HikariPool - HikariPool-1 - Thread starvation or clock leap detected (housekeeper delta=5m12s649ms928탎200ns).
13:57:59.433 [HikariPool-1 housekeeper] WARN  com.zaxxer.hikari.pool.HikariPool - HikariPool-1 - Thread starvation or clock leap detected (housekeeper delta=6m30s267ms281탎400ns).
14:04:09.159 [http-nio-8081-exec-6] INFO  com.example.todobackend.service.TodoService - Saved Todo with id: 11
15:38:13.495 [HikariPool-1 housekeeper] WARN  com.zaxxer.hikari.pool.HikariPool - HikariPool-1 - Thread starvation or clock leap detected (housekeeper delta=3m12s559ms135탎100ns).
18:12:00.335 [HikariPool-1 housekeeper] WARN  com.zaxxer.hikari.pool.HikariPool - HikariPool-1 - Thread starvation or clock leap detected (housekeeper delta=16m43s582ms388탎100ns).
20:26:25.413 [HikariPool-1 housekeeper] WARN  com.zaxxer.hikari.pool.HikariPool - HikariPool-1 - Thread starvation or clock leap detected (housekeeper delta=56m21s653ms762탎201ns).
01:37:52.694 [HikariPool-1 housekeeper] WARN  com.zaxxer.hikari.pool.HikariPool - HikariPool-1 - Thread starvation or clock leap detected (housekeeper delta=5h1m27s121ms550탎700ns).
10:46:37.355 [HikariPool-1 housekeeper] WARN  com.zaxxer.hikari.pool.HikariPool - HikariPool-1 - Thread starvation or clock leap detected (housekeeper delta=9h8m50s44ms231탎500ns).
14:52:02.041 [main] INFO  com.example.todobackend.TodoBackendApplication - Starting TodoBackendApplication using Java 17.0.11 with PID 39348 (C:\Learning\System Design\todo-backend\target\classes started by RAVI SHANKAR in C:\Learning\System Design\todo-backend)
14:52:02.051 [main] INFO  com.example.todobackend.TodoBackendApplication - No active profile set, falling back to 1 default profile: "default"
14:52:02.819 [main] INFO  org.springframework.data.repository.config.RepositoryConfigurationDelegate - Bootstrapping Spring Data JPA repositories in DEFAULT mode.
14:52:02.880 [main] INFO  org.springframework.data.repository.config.RepositoryConfigurationDelegate - Finished Spring Data repository scanning in 53 ms. Found 2 JPA repository interfaces.
14:52:03.493 [main] INFO  org.springframework.boot.web.embedded.tomcat.TomcatWebServer - Tomcat initialized with port 8081 (http)
14:52:03.505 [main] INFO  org.apache.coyote.http11.Http11NioProtocol - Initializing ProtocolHandler ["http-nio-8081"]
14:52:03.507 [main] INFO  org.apache.catalina.core.StandardService - Starting service [Tomcat]
14:52:03.507 [main] INFO  org.apache.catalina.core.StandardEngine - Starting Servlet engine: [Apache Tomcat/10.1.24]
14:52:03.604 [main] INFO  org.apache.catalina.core.ContainerBase.[Tomcat].[localhost].[/] - Initializing Spring embedded WebApplicationContext
14:52:03.606 [main] INFO  org.springframework.boot.web.servlet.context.ServletWebServerApplicationContext - Root WebApplicationContext: initialization completed in 1514 ms
14:52:03.921 [main] INFO  org.hibernate.jpa.internal.util.LogHelper - HHH000204: Processing PersistenceUnitInfo [name: default]
14:52:04.011 [main] INFO  org.hibernate.Version - HHH000412: Hibernate ORM core version 6.5.2.Final
14:52:04.075 [main] INFO  org.hibernate.cache.internal.RegionFactoryInitiator - HHH000026: Second-level cache disabled
14:52:04.457 [main] INFO  org.springframework.orm.jpa.persistenceunit.SpringPersistenceUnitInfo - No LoadTimeWeaver setup: ignoring JPA class transformer
14:52:04.508 [main] WARN  org.hibernate.orm.deprecation - HHH90000025: SQLServerDialect does not need to be specified explicitly using 'hibernate.dialect' (remove the property setting and it will be selected by default)
14:52:05.527 [main] INFO  org.hibernate.engine.transaction.jta.platform.internal.JtaPlatformInitiator - HHH000489: No JTA platform available (set 'hibernate.transaction.jta.platform' to enable JTA platform integration)
14:52:05.562 [main] INFO  com.zaxxer.hikari.HikariDataSource - HikariPool-1 - Starting...
14:52:09.626 [main] INFO  com.zaxxer.hikari.pool.HikariPool - HikariPool-1 - Added connection ConnectionID:1 ClientConnectionId: b52728c0-f232-4f9c-bda3-2620505457f2
14:52:09.628 [main] INFO  com.zaxxer.hikari.HikariDataSource - HikariPool-1 - Start completed.
14:52:11.229 [main] INFO  org.springframework.orm.jpa.LocalContainerEntityManagerFactoryBean - Initialized JPA EntityManagerFactory for persistence unit 'default'
14:52:11.902 [main] INFO  org.springframework.security.config.annotation.authentication.configuration.InitializeUserDetailsBeanManagerConfigurer$InitializeUserDetailsManagerConfigurer - Global AuthenticationManager configured with UserDetailsService bean with name customUserDetailsService
14:52:12.019 [main] WARN  org.springframework.boot.autoconfigure.orm.jpa.JpaBaseConfiguration$JpaWebConfiguration - spring.jpa.open-in-view is enabled by default. Therefore, database queries may be performed during view rendering. Explicitly configure spring.jpa.open-in-view to disable this warning
14:52:12.320 [main] INFO  org.springframework.security.web.DefaultSecurityFilterChain - Will secure any request with [org.springframework.security.web.session.DisableEncodeUrlFilter@61c98f5, org.springframework.security.web.context.request.async.WebAsyncManagerIntegrationFilter@1784d711, org.springframework.security.web.context.SecurityContextHolderFilter@2250deae, org.springframework.security.web.header.HeaderWriterFilter@50cadbae, org.springframework.web.filter.CorsFilter@4624e3d1, org.springframework.security.web.authentication.logout.LogoutFilter@3299ee2c, com.example.todobackend.security.JwtAuthenticationFilter@53b81a55, org.springframework.security.web.savedrequest.RequestCacheAwareFilter@3fb920d9, org.springframework.security.web.servletapi.SecurityContextHolderAwareRequestFilter@14a3a66c, org.springframework.security.web.authentication.AnonymousAuthenticationFilter@3181fbe7, org.springframework.security.web.session.SessionManagementFilter@1c3eeda4, org.springframework.security.web.access.ExceptionTranslationFilter@32a541a8, org.springframework.security.web.access.intercept.AuthorizationFilter@437a4e61]
14:52:12.614 [main] INFO  org.apache.coyote.http11.Http11NioProtocol - Starting ProtocolHandler ["http-nio-8081"]
14:52:12.654 [main] INFO  org.springframework.boot.web.embedded.tomcat.TomcatWebServer - Tomcat started on port 8081 (http) with context path '/'
14:52:12.668 [main] INFO  com.example.todobackend.TodoBackendApplication - Started TodoBackendApplication in 10.99 seconds (process running for 11.907)
14:53:08.636 [http-nio-8081-exec-1] INFO  org.apache.catalina.core.ContainerBase.[Tomcat].[localhost].[/] - Initializing Spring DispatcherServlet 'dispatcherServlet'
14:53:08.637 [http-nio-8081-exec-1] INFO  org.springframework.web.servlet.DispatcherServlet - Initializing Servlet 'dispatcherServlet'
14:53:08.638 [http-nio-8081-exec-1] INFO  org.springframework.web.servlet.DispatcherServlet - Completed initialization in 1 ms
14:54:19.946 [http-nio-8081-exec-9] INFO  com.example.todobackend.service.TodoService - Deleted Todo with id: 12
15:41:50.450 [main] INFO  com.example.todobackend.TodoBackendApplication - Starting TodoBackendApplication using Java 17.0.11 with PID 2480 (C:\Learning\System Design\todo-backend\target\classes started by RAVI SHANKAR in C:\Learning\System Design\todo-backend)
15:41:50.459 [main] INFO  com.example.todobackend.TodoBackendApplication - No active profile set, falling back to 1 default profile: "default"
15:41:51.285 [main] INFO  org.springframework.data.repository.config.RepositoryConfigurationDelegate - Bootstrapping Spring Data JPA repositories in DEFAULT mode.
15:41:51.357 [main] INFO  org.springframework.data.repository.config.RepositoryConfigurationDelegate - Finished Spring Data repository scanning in 63 ms. Found 2 JPA repository interfaces.
15:41:51.997 [main] INFO  org.springframework.boot.web.embedded.tomcat.TomcatWebServer - Tomcat initialized with port 8081 (http)
15:41:52.011 [main] INFO  org.apache.coyote.http11.Http11NioProtocol - Initializing ProtocolHandler ["http-nio-8081"]
15:41:52.014 [main] INFO  org.apache.catalina.core.StandardService - Starting service [Tomcat]
15:41:52.014 [main] INFO  org.apache.catalina.core.StandardEngine - Starting Servlet engine: [Apache Tomcat/10.1.24]
15:41:52.087 [main] INFO  org.apache.catalina.core.ContainerBase.[Tomcat].[localhost].[/] - Initializing Spring embedded WebApplicationContext
15:41:52.089 [main] INFO  org.springframework.boot.web.servlet.context.ServletWebServerApplicationContext - Root WebApplicationContext: initialization completed in 1583 ms
15:41:52.346 [main] INFO  org.hibernate.jpa.internal.util.LogHelper - HHH000204: Processing PersistenceUnitInfo [name: default]
15:41:52.402 [main] INFO  org.hibernate.Version - HHH000412: Hibernate ORM core version 6.5.2.Final
15:41:52.439 [main] INFO  org.hibernate.cache.internal.RegionFactoryInitiator - HHH000026: Second-level cache disabled
15:41:52.734 [main] INFO  org.springframework.orm.jpa.persistenceunit.SpringPersistenceUnitInfo - No LoadTimeWeaver setup: ignoring JPA class transformer
15:41:52.764 [main] WARN  org.hibernate.orm.deprecation - HHH90000025: SQLServerDialect does not need to be specified explicitly using 'hibernate.dialect' (remove the property setting and it will be selected by default)
15:41:53.680 [main] INFO  org.hibernate.engine.transaction.jta.platform.internal.JtaPlatformInitiator - HHH000489: No JTA platform available (set 'hibernate.transaction.jta.platform' to enable JTA platform integration)
15:41:53.706 [main] INFO  com.zaxxer.hikari.HikariDataSource - HikariPool-1 - Starting...
15:41:58.721 [main] INFO  com.zaxxer.hikari.pool.HikariPool - HikariPool-1 - Added connection ConnectionID:1 ClientConnectionId: bf287214-e850-4b4a-bfea-1eb5ec928cc0
15:41:58.724 [main] INFO  com.zaxxer.hikari.HikariDataSource - HikariPool-1 - Start completed.
15:42:00.616 [main] INFO  org.springframework.orm.jpa.LocalContainerEntityManagerFactoryBean - Initialized JPA EntityManagerFactory for persistence unit 'default'
15:42:01.423 [main] INFO  org.springframework.security.config.annotation.authentication.configuration.InitializeUserDetailsBeanManagerConfigurer$InitializeUserDetailsManagerConfigurer - Global AuthenticationManager configured with UserDetailsService bean with name customUserDetailsService
15:42:01.556 [main] WARN  org.springframework.boot.autoconfigure.orm.jpa.JpaBaseConfiguration$JpaWebConfiguration - spring.jpa.open-in-view is enabled by default. Therefore, database queries may be performed during view rendering. Explicitly configure spring.jpa.open-in-view to disable this warning
15:42:01.901 [main] INFO  org.springframework.security.web.DefaultSecurityFilterChain - Will secure any request with [org.springframework.security.web.session.DisableEncodeUrlFilter@61c98f5, org.springframework.security.web.context.request.async.WebAsyncManagerIntegrationFilter@1784d711, org.springframework.security.web.context.SecurityContextHolderFilter@2250deae, org.springframework.security.web.header.HeaderWriterFilter@50cadbae, org.springframework.web.filter.CorsFilter@4624e3d1, org.springframework.security.web.authentication.logout.LogoutFilter@3299ee2c, com.example.todobackend.security.JwtAuthenticationFilter@53b81a55, org.springframework.security.web.savedrequest.RequestCacheAwareFilter@3fb920d9, org.springframework.security.web.servletapi.SecurityContextHolderAwareRequestFilter@14a3a66c, org.springframework.security.web.authentication.AnonymousAuthenticationFilter@3181fbe7, org.springframework.security.web.session.SessionManagementFilter@1c3eeda4, org.springframework.security.web.access.ExceptionTranslationFilter@32a541a8, org.springframework.security.web.access.intercept.AuthorizationFilter@437a4e61]
15:42:02.204 [main] INFO  org.apache.coyote.http11.Http11NioProtocol - Starting ProtocolHandler ["http-nio-8081"]
15:42:02.241 [main] INFO  org.springframework.boot.web.embedded.tomcat.TomcatWebServer - Tomcat started on port 8081 (http) with context path '/'
15:42:02.255 [main] INFO  com.example.todobackend.TodoBackendApplication - Started TodoBackendApplication in 12.189 seconds (process running for 13.086)
15:42:17.762 [http-nio-8081-exec-1] INFO  org.apache.catalina.core.ContainerBase.[Tomcat].[localhost].[/] - Initializing Spring DispatcherServlet 'dispatcherServlet'
15:42:17.762 [http-nio-8081-exec-1] INFO  org.springframework.web.servlet.DispatcherServlet - Initializing Servlet 'dispatcherServlet'
15:42:17.764 [http-nio-8081-exec-1] INFO  org.springframework.web.servlet.DispatcherServlet - Completed initialization in 2 ms
15:54:26.833 [http-nio-8081-exec-10] WARN  org.springframework.web.servlet.mvc.support.DefaultHandlerExceptionResolver - Resolved [org.springframework.web.context.request.async.AsyncRequestNotUsableException: ServletOutputStream failed to flush: java.io.IOException: Connection reset by peer]
15:55:21.851 [http-nio-8081-exec-6] WARN  org.springframework.web.servlet.mvc.support.DefaultHandlerExceptionResolver - Resolved [org.springframework.web.context.request.async.AsyncRequestNotUsableException: ServletOutputStream failed to flush: java.io.IOException: Connection reset by peer]
16:10:00.845 [http-nio-8081-exec-8] INFO  com.example.todobackend.service.TodoService - Saved Todo with id: 11
16:10:06.270 [http-nio-8081-exec-2] INFO  com.example.todobackend.service.TodoService - Deleted Todo with id: 10
22:13:13.965 [HikariPool-1 housekeeper] WARN  com.zaxxer.hikari.pool.HikariPool - HikariPool-1 - Thread starvation or clock leap detected (housekeeper delta=5h53m19s696ms178탎600ns).
12:14:55.374 [main] INFO  com.example.todobackend.TodoBackendApplication - Starting TodoBackendApplication using Java 17.0.11 with PID 14356 (C:\Learning\System Design\todo-backend\target\classes started by RAVI SHANKAR in C:\Learning\System Design\todo-backend)
12:14:55.385 [main] INFO  com.example.todobackend.TodoBackendApplication - No active profile set, falling back to 1 default profile: "default"
12:14:56.268 [main] INFO  org.springframework.data.repository.config.RepositoryConfigurationDelegate - Bootstrapping Spring Data JPA repositories in DEFAULT mode.
12:14:56.341 [main] INFO  org.springframework.data.repository.config.RepositoryConfigurationDelegate - Finished Spring Data repository scanning in 61 ms. Found 2 JPA repository interfaces.
12:14:57.030 [main] INFO  org.springframework.boot.web.embedded.tomcat.TomcatWebServer - Tomcat initialized with port 8081 (http)
12:14:57.046 [main] INFO  org.apache.coyote.http11.Http11NioProtocol - Initializing ProtocolHandler ["http-nio-8081"]
12:14:57.050 [main] INFO  org.apache.catalina.core.StandardService - Starting service [Tomcat]
12:14:57.050 [main] INFO  org.apache.catalina.core.StandardEngine - Starting Servlet engine: [Apache Tomcat/10.1.24]
12:14:57.130 [main] INFO  org.apache.catalina.core.ContainerBase.[Tomcat].[localhost].[/] - Initializing Spring embedded WebApplicationContext
12:14:57.131 [main] INFO  org.springframework.boot.web.servlet.context.ServletWebServerApplicationContext - Root WebApplicationContext: initialization completed in 1700 ms
12:14:57.450 [main] INFO  org.hibernate.jpa.internal.util.LogHelper - HHH000204: Processing PersistenceUnitInfo [name: default]
12:14:57.561 [main] INFO  org.hibernate.Version - HHH000412: Hibernate ORM core version 6.5.2.Final
12:14:57.627 [main] INFO  org.hibernate.cache.internal.RegionFactoryInitiator - HHH000026: Second-level cache disabled
12:14:58.078 [main] INFO  org.springframework.orm.jpa.persistenceunit.SpringPersistenceUnitInfo - No LoadTimeWeaver setup: ignoring JPA class transformer
12:14:58.136 [main] WARN  org.hibernate.orm.deprecation - HHH90000025: SQLServerDialect does not need to be specified explicitly using 'hibernate.dialect' (remove the property setting and it will be selected by default)
12:14:59.221 [main] INFO  org.hibernate.engine.transaction.jta.platform.internal.JtaPlatformInitiator - HHH000489: No JTA platform available (set 'hibernate.transaction.jta.platform' to enable JTA platform integration)
12:14:59.248 [main] INFO  com.zaxxer.hikari.HikariDataSource - HikariPool-1 - Starting...
12:15:01.199 [main] INFO  com.zaxxer.hikari.pool.HikariPool - HikariPool-1 - Added connection ConnectionID:1 ClientConnectionId: 5b1ef31c-45be-4818-807a-3a4220c2323b
12:15:01.202 [main] INFO  com.zaxxer.hikari.HikariDataSource - HikariPool-1 - Start completed.
12:15:02.752 [main] INFO  org.springframework.orm.jpa.LocalContainerEntityManagerFactoryBean - Initialized JPA EntityManagerFactory for persistence unit 'default'
12:15:03.513 [main] INFO  org.springframework.security.config.annotation.authentication.configuration.InitializeUserDetailsBeanManagerConfigurer$InitializeUserDetailsManagerConfigurer - Global AuthenticationManager configured with UserDetailsService bean with name customUserDetailsService
12:15:03.634 [main] WARN  org.springframework.boot.autoconfigure.orm.jpa.JpaBaseConfiguration$JpaWebConfiguration - spring.jpa.open-in-view is enabled by default. Therefore, database queries may be performed during view rendering. Explicitly configure spring.jpa.open-in-view to disable this warning
12:15:03.917 [main] INFO  org.springframework.security.web.DefaultSecurityFilterChain - Will secure any request with [org.springframework.security.web.session.DisableEncodeUrlFilter@61c98f5, org.springframework.security.web.context.request.async.WebAsyncManagerIntegrationFilter@1784d711, org.springframework.security.web.context.SecurityContextHolderFilter@2250deae, org.springframework.security.web.header.HeaderWriterFilter@50cadbae, org.springframework.web.filter.CorsFilter@4624e3d1, org.springframework.security.web.authentication.logout.LogoutFilter@3299ee2c, com.example.todobackend.security.JwtAuthenticationFilter@53b81a55, org.springframework.security.web.savedrequest.RequestCacheAwareFilter@3fb920d9, org.springframework.security.web.servletapi.SecurityContextHolderAwareRequestFilter@14a3a66c, org.springframework.security.web.authentication.AnonymousAuthenticationFilter@3181fbe7, org.springframework.security.web.session.SessionManagementFilter@1c3eeda4, org.springframework.security.web.access.ExceptionTranslationFilter@32a541a8, org.springframework.security.web.access.intercept.AuthorizationFilter@437a4e61]
12:15:04.255 [main] INFO  org.apache.coyote.http11.Http11NioProtocol - Starting ProtocolHandler ["http-nio-8081"]
12:15:04.296 [main] INFO  org.springframework.boot.web.embedded.tomcat.TomcatWebServer - Tomcat started on port 8081 (http) with context path '/'
12:15:04.310 [main] INFO  com.example.todobackend.TodoBackendApplication - Started TodoBackendApplication in 9.338 seconds (process running for 10.357)
12:39:25.191 [HikariPool-1 housekeeper] WARN  com.zaxxer.hikari.pool.HikariPool - HikariPool-1 - Thread starvation or clock leap detected (housekeeper delta=10m53s695ms135탎500ns).
11:47:04.617 [main] INFO  com.example.todobackend.TodoBackendApplication - Starting TodoBackendApplication using Java 17.0.11 with PID 38160 (C:\Learning\System Design\todo-backend\target\classes started by RAVI SHANKAR in C:\Learning\System Design\todo-backend)
11:47:04.633 [main] INFO  com.example.todobackend.TodoBackendApplication - No active profile set, falling back to 1 default profile: "default"
11:47:05.673 [main] INFO  org.springframework.data.repository.config.RepositoryConfigurationDelegate - Bootstrapping Spring Data JPA repositories in DEFAULT mode.
11:47:05.754 [main] INFO  org.springframework.data.repository.config.RepositoryConfigurationDelegate - Finished Spring Data repository scanning in 71 ms. Found 2 JPA repository interfaces.
11:47:06.488 [main] INFO  org.springframework.boot.web.embedded.tomcat.TomcatWebServer - Tomcat initialized with port 8081 (http)
11:47:06.504 [main] INFO  org.apache.coyote.http11.Http11NioProtocol - Initializing ProtocolHandler ["http-nio-8081"]
11:47:06.507 [main] INFO  org.apache.catalina.core.StandardService - Starting service [Tomcat]
11:47:06.507 [main] INFO  org.apache.catalina.core.StandardEngine - Starting Servlet engine: [Apache Tomcat/10.1.24]
11:47:06.595 [main] INFO  org.apache.catalina.core.ContainerBase.[Tomcat].[localhost].[/] - Initializing Spring embedded WebApplicationContext
11:47:06.596 [main] INFO  org.springframework.boot.web.servlet.context.ServletWebServerApplicationContext - Root WebApplicationContext: initialization completed in 1902 ms
11:47:06.871 [main] INFO  org.hibernate.jpa.internal.util.LogHelper - HHH000204: Processing PersistenceUnitInfo [name: default]
11:47:06.993 [main] INFO  org.hibernate.Version - HHH000412: Hibernate ORM core version 6.5.2.Final
11:47:07.061 [main] INFO  org.hibernate.cache.internal.RegionFactoryInitiator - HHH000026: Second-level cache disabled
11:47:07.515 [main] INFO  org.springframework.orm.jpa.persistenceunit.SpringPersistenceUnitInfo - No LoadTimeWeaver setup: ignoring JPA class transformer
11:47:07.565 [main] WARN  org.hibernate.orm.deprecation - HHH90000025: SQLServerDialect does not need to be specified explicitly using 'hibernate.dialect' (remove the property setting and it will be selected by default)
11:47:08.587 [main] INFO  org.hibernate.engine.transaction.jta.platform.internal.JtaPlatformInitiator - HHH000489: No JTA platform available (set 'hibernate.transaction.jta.platform' to enable JTA platform integration)
11:47:08.617 [main] INFO  com.zaxxer.hikari.HikariDataSource - HikariPool-1 - Starting...
11:47:10.329 [main] INFO  com.zaxxer.hikari.pool.HikariPool - HikariPool-1 - Added connection ConnectionID:1 ClientConnectionId: 632d68e9-3345-4f4a-954a-775172dd9f9a
11:47:10.330 [main] INFO  com.zaxxer.hikari.HikariDataSource - HikariPool-1 - Start completed.
11:47:11.870 [main] INFO  org.springframework.orm.jpa.LocalContainerEntityManagerFactoryBean - Initialized JPA EntityManagerFactory for persistence unit 'default'
11:47:12.591 [main] INFO  org.springframework.security.config.annotation.authentication.configuration.InitializeUserDetailsBeanManagerConfigurer$InitializeUserDetailsManagerConfigurer - Global AuthenticationManager configured with UserDetailsService bean with name customUserDetailsService
11:47:12.701 [main] WARN  org.springframework.boot.autoconfigure.orm.jpa.JpaBaseConfiguration$JpaWebConfiguration - spring.jpa.open-in-view is enabled by default. Therefore, database queries may be performed during view rendering. Explicitly configure spring.jpa.open-in-view to disable this warning
11:47:12.998 [main] INFO  org.springframework.security.web.DefaultSecurityFilterChain - Will secure any request with [org.springframework.security.web.session.DisableEncodeUrlFilter@3299ee2c, org.springframework.security.web.context.request.async.WebAsyncManagerIntegrationFilter@542759f, org.springframework.security.web.context.SecurityContextHolderFilter@7d583602, org.springframework.security.web.header.HeaderWriterFilter@6d21a69f, org.springframework.web.filter.CorsFilter@68ac6e6e, org.springframework.security.web.authentication.logout.LogoutFilter@44a972b4, com.example.todobackend.security.JwtAuthenticationFilter@6eb6750f, org.springframework.security.web.savedrequest.RequestCacheAwareFilter@441d3ddf, org.springframework.security.web.servletapi.SecurityContextHolderAwareRequestFilter@345f4e0d, org.springframework.security.web.authentication.AnonymousAuthenticationFilter@13231e7b, org.springframework.security.web.session.SessionManagementFilter@32a541a8, org.springframework.security.web.access.ExceptionTranslationFilter@54418834, org.springframework.security.web.access.intercept.AuthorizationFilter@34a06981]
11:47:13.280 [main] INFO  org.apache.coyote.http11.Http11NioProtocol - Starting ProtocolHandler ["http-nio-8081"]
11:47:13.316 [main] INFO  org.springframework.boot.web.embedded.tomcat.TomcatWebServer - Tomcat started on port 8081 (http) with context path '/'
11:47:13.325 [main] INFO  com.example.todobackend.TodoBackendApplication - Started TodoBackendApplication in 9.142 seconds (process running for 10.344)
11:47:27.855 [http-nio-8081-exec-1] INFO  org.apache.catalina.core.ContainerBase.[Tomcat].[localhost].[/] - Initializing Spring DispatcherServlet 'dispatcherServlet'
11:47:27.855 [http-nio-8081-exec-1] INFO  org.springframework.web.servlet.DispatcherServlet - Initializing Servlet 'dispatcherServlet'
11:47:27.857 [http-nio-8081-exec-1] INFO  org.springframework.web.servlet.DispatcherServlet - Completed initialization in 2 ms
12:16:01.210 [HikariPool-1 housekeeper] WARN  com.zaxxer.hikari.pool.HikariPool - HikariPool-1 - Thread starvation or clock leap detected (housekeeper delta=10m20s431ms966탎900ns).
12:38:36.402 [HikariPool-1 housekeeper] WARN  com.zaxxer.hikari.pool.HikariPool - HikariPool-1 - Thread starvation or clock leap detected (housekeeper delta=4m4s933ms585탎300ns).
13:16:34.969 [HikariPool-1 housekeeper] WARN  com.zaxxer.hikari.pool.HikariPool - HikariPool-1 - Thread starvation or clock leap detected (housekeeper delta=1m28s46ms198탎100ns).
14:14:31.236 [HikariPool-1 housekeeper] WARN  com.zaxxer.hikari.pool.HikariPool - HikariPool-1 - Thread starvation or clock leap detected (housekeeper delta=9m55s519ms44탎400ns).
15:45:58.161 [HikariPool-1 housekeeper] WARN  com.zaxxer.hikari.pool.HikariPool - HikariPool-1 - Thread starvation or clock leap detected (housekeeper delta=1h29m25s844ms434탎700ns).
